<?xml version="1.0" encoding="UTF-8"?>
<!-- Generated by org.testng.reporters.JUnitXMLReporter -->
<testsuite ignored="3" hostname="LAPTOP-CP57HKNO" failures="0" tests="1" name="Default test" time="16.398" errors="0" timestamp="2022-08-27T20:31:47 IST">
  <testcase classname="test.ZerodhaHomePageTest" name="SearchStockAndClickOnBuy" time="1.888"/>
  <testcase classname="test.ZerodhaHomePageTest" name="SearchStockAndclickchart" time="0.0">
    <ignored/>
  </testcase> <!-- SearchStockAndclickchart -->
  <testcase classname="test.ZerodhaHomePageTest" name="searchStockTest" time="0.0">
    <ignored/>
  </testcase> <!-- searchStockTest -->
  <testcase classname="test.ZerodhaHomePageTest" name="SearchStockAndClickOnSell" time="0.0">
    <ignored/>
  </testcase> <!-- SearchStockAndClickOnSell -->
</testsuite> <!-- Default test -->
