<?xml version="1.0" encoding="UTF-8"?>
<testng-results ignored="3" total="4" passed="1" failed="0" skipped="0">
  <reporter-output>
  </reporter-output>
  <suite started-at="2022-08-21T13:35:46 IST" name="Default suite" finished-at="2022-08-21T13:36:04 IST" duration-ms="17991">
    <groups>
    </groups>
    <test started-at="2022-08-21T13:35:46 IST" name="Default test" finished-at="2022-08-21T13:36:04 IST" duration-ms="17991">
      <class name="test.ZerodhaHomePageTest">
        <test-method is-config="true" signature="LaunchBrowser()[pri:0, instance:test.ZerodhaHomePageTest@4ec4f3a0]" started-at="2022-08-21T13:35:46 IST" name="LaunchBrowser" finished-at="2022-08-21T13:36:03 IST" duration-ms="16560" status="PASS">
          <reporter-output>
          </reporter-output>
        </test-method> <!-- LaunchBrowser -->
        <test-method signature="SearchStockAndClickOnBuy()[pri:0, instance:test.ZerodhaHomePageTest@4ec4f3a0]" started-at="2022-08-21T13:36:03 IST" name="SearchStockAndClickOnBuy" finished-at="2022-08-21T13:36:04 IST" duration-ms="1407" status="PASS">
          <reporter-output>
          </reporter-output>
        </test-method> <!-- SearchStockAndClickOnBuy -->
      </class> <!-- test.ZerodhaHomePageTest -->
    </test> <!-- Default test -->
  </suite> <!-- Default suite -->
</testng-results>
